<?xml version="1.0" encoding="UTF-8" ?>
<testsuite failures="0" time="15.015" errors="0" skipped="0" tests="6" name="taskmodule.DataModel.DataModelTest">
  <properties>
[...]
</properties>
  <testcase time="5" classname="taskmodule.DataModel.DataModelTest" name="testAnalyze"/>
  <testcase time="1" classname="taskmodule.DataModel.DataModelTest" name="testSelectiveOrAnalyze"/>
  <testcase time="8" classname="taskmodule.DataModel.DataModelTest" name="testSelectiveOrAnalyzeStress"/>
  <testcase time="0.015" classname="taskmodule.DataModel.DataModelTest" name="testExportImportCSV"/>
  <testcase time="0" classname="taskmodule.DataModel.DataModelTest" name="testGetDataModelITask"/>
  <testcase time="0" classname="taskmodule.DataModel.DataModelTest" name="testGetDataModelSetOfITask"/>
</testsuite>